<?xml version="1.0" encoding="UTF-8"?>
<!-- Generated by org.testng.reporters.JUnitReportReporter -->
<testsuite hostname="DESKTOP-MCUKVIP" failures="0" tests="5" name="TestingJenkins.Country1" time="0.025" errors="0" timestamp="2023-10-27T14:40:27 IST" skipped="0">
  <testcase classname="TestingJenkins.Country1" name="ger" time="0.003"/>
  <testcase classname="TestingJenkins.Country1" name="spa" time="0.002"/>
  <testcase classname="TestingJenkins.Country1" name="eg" time="0.014"/>
  <testcase classname="TestingJenkins.Country1" name="fin" time="0.003"/>
  <testcase classname="TestingJenkins.Country1" name="sco" time="0.003"/>
</testsuite> <!-- TestingJenkins.Country1 -->
